c:\users\asus\desktop\编译原理\compiler\compiler\debug\vc141.pdb
c:\users\asus\desktop\编译原理\compiler\compiler\debug\vc141.idb
c:\users\asus\desktop\编译原理\compiler\compiler\debug\word.obj
c:\users\asus\desktop\编译原理\compiler\compiler\debug\token.obj
c:\users\asus\desktop\编译原理\compiler\compiler\debug\stmt.obj
c:\users\asus\desktop\编译原理\compiler\compiler\debug\parser.obj
c:\users\asus\desktop\编译原理\compiler\compiler\debug\op.obj
c:\users\asus\desktop\编译原理\compiler\compiler\debug\node.obj
c:\users\asus\desktop\编译原理\compiler\compiler\debug\main.obj
c:\users\asus\desktop\编译原理\compiler\compiler\debug\logical.obj
c:\users\asus\desktop\编译原理\compiler\compiler\debug\lexer.obj
c:\users\asus\desktop\编译原理\compiler\compiler\debug\expr.obj
c:\users\asus\desktop\编译原理\compiler\compiler\debug\env.obj
c:\users\asus\desktop\编译原理\compiler\compiler\debug\datatype.obj
c:\users\asus\desktop\编译原理\compiler\debug\compiler.exe
c:\users\asus\desktop\编译原理\compiler\debug\compiler.ilk
c:\users\asus\desktop\编译原理\compiler\debug\compiler.pdb
c:\users\asus\desktop\编译原理\compiler\compiler\debug\expr.obj.enc
c:\users\asus\desktop\编译原理\compiler\compiler\debug\main.obj.enc
c:\users\asus\desktop\编译原理\compiler\compiler\debug\parser.obj.enc
c:\users\asus\desktop\编译原理\compiler\compiler\debug\compiler.tlog\cl.command.1.tlog
c:\users\asus\desktop\编译原理\compiler\compiler\debug\compiler.tlog\cl.read.1.tlog
c:\users\asus\desktop\编译原理\compiler\compiler\debug\compiler.tlog\cl.write.1.tlog
c:\users\asus\desktop\编译原理\compiler\compiler\debug\compiler.tlog\link.command.1.tlog
c:\users\asus\desktop\编译原理\compiler\compiler\debug\compiler.tlog\link.read.1.tlog
c:\users\asus\desktop\编译原理\compiler\compiler\debug\compiler.tlog\link.write.1.tlog
